02:21:47 AM:DEBUG[logger_base.py:11]mensaje nivel debu
02:21:47 AM:INFO[logger_base.py:12]mensaje nivel info
02:21:47 AM:WARNING[logger_base.py:13]mensaje nivel warning
02:21:47 AM:ERROR[logger_base.py:14]mensaje nivel error
02:21:47 AM:CRITICAL[logger_base.py:15]mensaje nivel critical
12:50:07 AM:DEBUG[logger_base.py:11]mensaje nivel debu
12:50:07 AM:INFO[logger_base.py:12]mensaje nivel info
12:50:07 AM:WARNING[logger_base.py:13]mensaje nivel warning
12:50:07 AM:ERROR[logger_base.py:14]mensaje nivel error
12:50:07 AM:CRITICAL[logger_base.py:15]mensaje nivel critical
12:50:48 AM:DEBUG[logger_base.py:11]mensaje nivel debu
12:50:48 AM:INFO[logger_base.py:12]mensaje nivel info
12:50:48 AM:WARNING[logger_base.py:13]mensaje nivel warning
12:50:48 AM:ERROR[logger_base.py:14]mensaje nivel error
12:50:48 AM:CRITICAL[logger_base.py:15]mensaje nivel critical
01:07:48 AM:DEBUG[logger_base.py:13]mensaje nivel debu
01:07:48 AM:INFO[logger_base.py:14]mensaje nivel info
01:07:48 AM:WARNING[logger_base.py:15]mensaje nivel warning
01:07:48 AM:ERROR[logger_base.py:16]mensaje nivel error
01:07:48 AM:CRITICAL[logger_base.py:17]mensaje nivel critical
01:09:12 AM:DEBUG[logger_base.py:13]mensaje nivel debu
01:09:12 AM:INFO[logger_base.py:14]mensaje nivel info
01:09:12 AM:WARNING[logger_base.py:15]mensaje nivel warning
01:09:12 AM:ERROR[logger_base.py:16]mensaje nivel error
01:09:12 AM:CRITICAL[logger_base.py:17]mensaje nivel critical
05:32:37 AM:DEBUG[Persona.py:53]
           id_persona: 1,
            nombre: joa,
            apellido: ava,
            email: joakko_18_11@hotmail.com
                 
04:44:29 PM:DEBUG[Persona.py:53]
           id_persona: 1,
            nombre: joa,
            apellido: ava,
            email: joakko_18_11@hotmail.com
                 
05:02:30 PM:DEBUG[Persona.py:53]
           id_persona: 1,
            nombre: joa,
            apellido: ava,
            email: joakko_18_11@hotmail.com
                 
05:02:42 PM:DEBUG[Persona.py:53]
           id_persona: 1,
            nombre: joa,
            apellido: ava,
            email: joakko_18_11@hotmail.com
                 
05:02:42 PM:DEBUG[Persona.py:55]
           id_persona: None,
            nombre: pluma,
            apellido: aguila,
            email: a@gmail.com
                 
05:58:22 PM:ERROR[connection.py:26]ocurrio un error: invalid dsn: invalid connection option "paswor"

05:59:01 PM:ERROR[connection.py:26]ocurrio un error: invalid dsn: invalid connection option "pasword"

05:59:27 PM:ERROR[connection.py:26]ocurrio un error: invalid dsn: invalid connection option "PASWORD"

06:00:22 PM:ERROR[connection.py:26]ocurrio un error: invalid dsn: invalid connection option "pasword"

06:06:55 PM:DEBUG[connection.py:23]Connection succesful <connection object at 0x0000016E6E681250; dsn: 'user=postgres password=xxx dbname=test_bd host=127.0.0.1 port=5432', closed: 0>
06:11:55 PM:DEBUG[connection.py:23]Connection succesful <connection object at 0x0000022BCF041250; dsn: 'user=postgres password=xxx dbname=test_bd host=127.0.0.1 port=5432', closed: 0>
06:11:55 PM:ERROR[connection.py:40]Ocurrio un error: 'NoneType' object has no attribute 'cursor'
06:23:14 PM:DEBUG[connection.py:23]Connection succesful <connection object at 0x000002137AAA1250; dsn: 'user=postgres password=xxx dbname=test_bd host=127.0.0.1 port=5432', closed: 0>
06:23:14 PM:DEBUG[connection.py:37]Se abrio correctamente el cursor: <cursor object at 0x000002137C89DC40; closed: 0>
08:42:52 PM:DEBUG[connection.py:23]Connection succesful <connection object at 0x000001CE769E1250; dsn: 'user=postgres password=xxx dbname=test_bd host=127.0.0.1 port=5432', closed: 0>
08:42:52 PM:DEBUG[connection.py:37]Se abrio correctamente el cursor: <cursor object at 0x000001CE78BA1C40; closed: 0>
08:42:52 PM:DEBUG[PersonaDao.py:33]
           id_persona: 1,
            nombre: Juan,
            apellido: Juarez,
            email: juan@gmail.com
                 
08:42:52 PM:DEBUG[PersonaDao.py:33]
           id_persona: 2,
            nombre: Tomi,
            apellido: Avaro,
            email: tavaro@gmail.com
                 
08:42:52 PM:DEBUG[PersonaDao.py:33]
           id_persona: 11,
            nombre: Pluma,
            apellido: Aguilar,
            email: ema@gmail.com
                 
08:42:52 PM:DEBUG[PersonaDao.py:33]
           id_persona: 12,
            nombre: Fran,
            apellido: Aguilar,
            email: huevin@gmail.com
                 
08:42:52 PM:DEBUG[PersonaDao.py:33]
           id_persona: 13,
            nombre: claudio,
            apellido: Ramirez,
            email: Clerin@gmail.com
                 
09:03:44 PM:DEBUG[connection.py:23]Connection succesful <connection object at 0x000001DE9F971250; dsn: 'user=postgres password=xxx dbname=test_bd host=127.0.0.1 port=5432', closed: 0>
09:03:44 PM:DEBUG[connection.py:37]Se abrio correctamente el cursor: <cursor object at 0x000001DEA176DC40; closed: 0>
09:05:36 PM:DEBUG[connection.py:23]Connection succesful <connection object at 0x000001F88D521250; dsn: 'user=postgres password=xxx dbname=test_bd host=127.0.0.1 port=5432', closed: 0>
09:05:36 PM:DEBUG[connection.py:37]Se abrio correctamente el cursor: <cursor object at 0x000001F88F31DC40; closed: 0>
09:06:20 PM:DEBUG[connection.py:23]Connection succesful <connection object at 0x00000242CF491250; dsn: 'user=postgres password=xxx dbname=test_bd host=127.0.0.1 port=5432', closed: 0>
09:06:20 PM:DEBUG[connection.py:37]Se abrio correctamente el cursor: <cursor object at 0x00000242D128DC40; closed: 0>
09:06:32 PM:DEBUG[connection.py:23]Connection succesful <connection object at 0x0000027573A41250; dsn: 'user=postgres password=xxx dbname=test_bd host=127.0.0.1 port=5432', closed: 0>
09:06:32 PM:DEBUG[connection.py:37]Se abrio correctamente el cursor: <cursor object at 0x000002757583DC40; closed: 0>
09:06:32 PM:DEBUG[PersonaDao.py:36]Persona insertada: 
           id_persona: None,
            nombre: Fedeprimo,
            apellido: Barbon,
            email: fbarbon@mail.com
                 
09:06:32 PM:DEBUG[PersonaDao.py:44]Personas insertadas: 1
09:29:09 PM:DEBUG[connection.py:23]Connection succesful <connection object at 0x00000240F4371250; dsn: 'user=postgres password=xxx dbname=test_bd host=127.0.0.1 port=5432', closed: 0>
09:29:09 PM:DEBUG[connection.py:37]Se abrio correctamente el cursor: <cursor object at 0x00000240F6191B60; closed: 0>
09:29:09 PM:DEBUG[PersonaDao.py:36]Persona insertada: 
           id_persona: None,
            nombre: Fedeprimo,
            apellido: Barbon,
            email: fbarbon@mail.com
                 
09:29:09 PM:DEBUG[PersonaDao.py:44]Personas insertadas: 1
09:32:11 PM:DEBUG[connection.py:23]Connection succesful <connection object at 0x000001E4EF2E1250; dsn: 'user=postgres password=xxx dbname=test_bd host=127.0.0.1 port=5432', closed: 0>
09:32:11 PM:DEBUG[connection.py:37]Se abrio correctamente el cursor: <cursor object at 0x000001E4F1101B60; closed: 0>
09:32:11 PM:DEBUG[PersonaDao.py:36]Persona insertada: 
           id_persona: None,
            nombre: Fedeprimo,
            apellido: Barbon,
            email: fbarbon@mail.com
                 
09:32:11 PM:DEBUG[PersonaDao.py:44]Personas insertadas: 1
09:37:53 PM:DEBUG[connection.py:23]Connection succesful <connection object at 0x0000017BC43B1250; dsn: 'user=postgres password=xxx dbname=test_bd host=127.0.0.1 port=5432', closed: 0>
09:37:53 PM:DEBUG[connection.py:37]Se abrio correctamente el cursor: <cursor object at 0x0000017BC6221B60; closed: 0>
09:37:53 PM:DEBUG[PersonaDao.py:36]Persona insertada: 
           id_persona: None,
            nombre: Fedemuki,
            apellido: quinter,
            email: fdeqinter@mail.com
                 
09:37:53 PM:DEBUG[PersonaDao.py:44]Personas insertadas: 1
09:51:40 PM:DEBUG[connection.py:23]Connection succesful <connection object at 0x000002A2FEC91360; dsn: 'user=postgres password=xxx dbname=test_bd host=127.0.0.1 port=5432', closed: 0>
09:51:40 PM:DEBUG[connection.py:37]Se abrio correctamente el cursor: <cursor object at 0x000002A2FF681C40; closed: 0>
09:51:40 PM:DEBUG[PersonaDao.py:33]
           id_persona: 1,
            nombre: Juan,
            apellido: Juarez,
            email: juan@gmail.com
                 
09:51:40 PM:DEBUG[PersonaDao.py:33]
           id_persona: 2,
            nombre: Tomi,
            apellido: Avaro,
            email: tavaro@gmail.com
                 
09:51:40 PM:DEBUG[PersonaDao.py:33]
           id_persona: 11,
            nombre: Pluma,
            apellido: Aguilar,
            email: ema@gmail.com
                 
09:51:40 PM:DEBUG[PersonaDao.py:33]
           id_persona: 12,
            nombre: Fran,
            apellido: Aguilar,
            email: huevin@gmail.com
                 
09:51:40 PM:DEBUG[PersonaDao.py:33]
           id_persona: 13,
            nombre: claudio,
            apellido: Ramirez,
            email: Clerin@gmail.com
                 
09:51:40 PM:DEBUG[PersonaDao.py:33]
           id_persona: 14,
            nombre: Fedeprimo,
            apellido: Barbon,
            email: fbarbon@mail.com
                 
09:51:40 PM:DEBUG[PersonaDao.py:33]
           id_persona: 15,
            nombre: Fedeprimo,
            apellido: Barbon,
            email: fbarbon@mail.com
                 
09:51:40 PM:DEBUG[PersonaDao.py:33]
           id_persona: 16,
            nombre: Fedeprimo,
            apellido: Barbon,
            email: fbarbon@mail.com
                 
09:51:40 PM:DEBUG[PersonaDao.py:33]
           id_persona: 17,
            nombre: Fedemuki,
            apellido: quinter,
            email: fdeqinter@mail.com
                 
09:53:50 PM:DEBUG[connection.py:23]Connection succesful <connection object at 0x000001C8DB491360; dsn: 'user=postgres password=xxx dbname=test_bd host=127.0.0.1 port=5432', closed: 0>
09:53:50 PM:DEBUG[connection.py:37]Se abrio correctamente el cursor: <cursor object at 0x000001C8DD291C40; closed: 0>
09:53:50 PM:DEBUG[PersonaDao.py:50]
           id_persona: 1,
            nombre: Juan,
            apellido: Juarez,
            email: juan@gmail.com
                 
09:53:50 PM:DEBUG[PersonaDao.py:50]
           id_persona: 2,
            nombre: Tomi,
            apellido: Avaro,
            email: tavaro@gmail.com
                 
09:53:50 PM:DEBUG[PersonaDao.py:50]
           id_persona: 11,
            nombre: Pluma,
            apellido: Aguilar,
            email: ema@gmail.com
                 
09:53:50 PM:DEBUG[PersonaDao.py:50]
           id_persona: 12,
            nombre: Fran,
            apellido: Aguilar,
            email: huevin@gmail.com
                 
09:53:50 PM:DEBUG[PersonaDao.py:50]
           id_persona: 13,
            nombre: claudio,
            apellido: Ramirez,
            email: Clerin@gmail.com
                 
09:53:50 PM:DEBUG[PersonaDao.py:50]
           id_persona: 14,
            nombre: Fedeprimo,
            apellido: Barbon,
            email: fbarbon@mail.com
                 
09:53:50 PM:DEBUG[PersonaDao.py:50]
           id_persona: 15,
            nombre: Fedeprimo,
            apellido: Barbon,
            email: fbarbon@mail.com
                 
09:53:50 PM:DEBUG[PersonaDao.py:50]
           id_persona: 16,
            nombre: Fedeprimo,
            apellido: Barbon,
            email: fbarbon@mail.com
                 
09:53:50 PM:DEBUG[PersonaDao.py:50]
           id_persona: 17,
            nombre: Fedemuki,
            apellido: quinter,
            email: fdeqinter@mail.com
                 
09:55:27 PM:DEBUG[connection.py:23]Connection succesful <connection object at 0x000001FE0CE41250; dsn: 'user=postgres password=xxx dbname=test_bd host=127.0.0.1 port=5432', closed: 0>
09:55:27 PM:DEBUG[connection.py:37]Se abrio correctamente el cursor: <cursor object at 0x000001FE0EC7DC40; closed: 0>
09:55:27 PM:DEBUG[PersonaDao.py:41]Persona insertada: 
           id_persona: None,
            nombre: undo,
            apellido: facundo,
            email: facundoelundo@mail.com
                 
09:55:27 PM:DEBUG[PersonaDao.py:56]Personas insertadas: 1
09:58:37 PM:DEBUG[connection.py:23]Connection succesful <connection object at 0x0000022805F51250; dsn: 'user=postgres password=xxx dbname=test_bd host=127.0.0.1 port=5432', closed: 0>
09:58:37 PM:DEBUG[connection.py:37]Se abrio correctamente el cursor: <cursor object at 0x0000022807DADC40; closed: 0>
09:58:37 PM:DEBUG[PersonaDao.py:51]
           id_persona: 1,
            nombre: Juan,
            apellido: Juarez,
            email: juan@gmail.com
                 
09:58:37 PM:DEBUG[PersonaDao.py:51]
           id_persona: 2,
            nombre: Tomi,
            apellido: Avaro,
            email: tavaro@gmail.com
                 
09:58:37 PM:DEBUG[PersonaDao.py:51]
           id_persona: 11,
            nombre: Pluma,
            apellido: Aguilar,
            email: ema@gmail.com
                 
09:58:37 PM:DEBUG[PersonaDao.py:51]
           id_persona: 12,
            nombre: Fran,
            apellido: Aguilar,
            email: huevin@gmail.com
                 
09:58:37 PM:DEBUG[PersonaDao.py:51]
           id_persona: 13,
            nombre: claudio,
            apellido: Ramirez,
            email: Clerin@gmail.com
                 
09:58:37 PM:DEBUG[PersonaDao.py:51]
           id_persona: 14,
            nombre: Fedeprimo,
            apellido: Barbon,
            email: fbarbon@mail.com
                 
09:58:37 PM:DEBUG[PersonaDao.py:51]
           id_persona: 15,
            nombre: Fedeprimo,
            apellido: Barbon,
            email: fbarbon@mail.com
                 
09:58:37 PM:DEBUG[PersonaDao.py:51]
           id_persona: 16,
            nombre: Fedeprimo,
            apellido: Barbon,
            email: fbarbon@mail.com
                 
09:58:37 PM:DEBUG[PersonaDao.py:51]
           id_persona: 17,
            nombre: Fedemuki,
            apellido: quinter,
            email: fdeqinter@mail.com
                 
09:58:37 PM:DEBUG[PersonaDao.py:51]
           id_persona: 18,
            nombre: undo,
            apellido: facundo,
            email: facundoelundo@mail.com
                 
10:10:40 PM:DEBUG[connection.py:23]Connection succesful <connection object at 0x0000016D6D361250; dsn: 'user=postgres password=xxx dbname=test_bd host=127.0.0.1 port=5432', closed: 0>
10:10:40 PM:DEBUG[connection.py:37]Se abrio correctamente el cursor: <cursor object at 0x0000016D6F15DC40; closed: 0>
10:10:40 PM:DEBUG[PersonaDao.py:51]
           id_persona: 1,
            nombre: Juan,
            apellido: Juarez,
            email: juan@gmail.com
                 
10:10:40 PM:DEBUG[PersonaDao.py:51]
           id_persona: 2,
            nombre: Tomi,
            apellido: Avaro,
            email: tavaro@gmail.com
                 
10:10:40 PM:DEBUG[PersonaDao.py:51]
           id_persona: 11,
            nombre: Pluma,
            apellido: Aguilar,
            email: ema@gmail.com
                 
10:10:40 PM:DEBUG[PersonaDao.py:51]
           id_persona: 12,
            nombre: Fran,
            apellido: Aguilar,
            email: huevin@gmail.com
                 
10:10:40 PM:DEBUG[PersonaDao.py:51]
           id_persona: 13,
            nombre: claudio,
            apellido: Ramirez,
            email: Clerin@gmail.com
                 
10:10:40 PM:DEBUG[PersonaDao.py:51]
           id_persona: 14,
            nombre: Fedeprimo,
            apellido: Barbon,
            email: fbarbon@mail.com
                 
10:10:40 PM:DEBUG[PersonaDao.py:51]
           id_persona: 15,
            nombre: Fedeprimo,
            apellido: Barbon,
            email: fbarbon@mail.com
                 
10:10:40 PM:DEBUG[PersonaDao.py:51]
           id_persona: 16,
            nombre: Fedeprimo,
            apellido: Barbon,
            email: fbarbon@mail.com
                 
10:10:40 PM:DEBUG[PersonaDao.py:51]
           id_persona: 17,
            nombre: Fedemuki,
            apellido: quinter,
            email: fdeqinter@mail.com
                 
10:10:40 PM:DEBUG[PersonaDao.py:51]
           id_persona: 18,
            nombre: undo,
            apellido: facundo,
            email: facundoelundo@mail.com
                 
10:36:44 PM:DEBUG[connection.py:23]Connection succesful <connection object at 0x0000017ED3151250; dsn: 'user=postgres password=xxx dbname=test_bd host=127.0.0.1 port=5432', closed: 0>
10:36:44 PM:DEBUG[connection.py:37]Se abrio correctamente el cursor: <cursor object at 0x0000017ED4F6DC40; closed: 0>
10:38:31 PM:DEBUG[connection.py:23]Connection succesful <connection object at 0x0000026CF35A1250; dsn: 'user=postgres password=xxx dbname=test_bd host=127.0.0.1 port=5432', closed: 0>
10:38:31 PM:DEBUG[connection.py:37]Se abrio correctamente el cursor: <cursor object at 0x0000026CF539DC40; closed: 0>
10:40:46 PM:DEBUG[connection.py:23]Connection succesful <connection object at 0x0000021C188E1250; dsn: 'user=postgres password=xxx dbname=test_bd host=127.0.0.1 port=5432', closed: 0>
10:40:46 PM:DEBUG[connection.py:37]Se abrio correctamente el cursor: <cursor object at 0x0000021C1A6DDC40; closed: 0>
10:42:00 PM:DEBUG[connection.py:23]Connection succesful <connection object at 0x0000021792091250; dsn: 'user=postgres password=xxx dbname=test_bd host=127.0.0.1 port=5432', closed: 0>
10:42:00 PM:DEBUG[connection.py:37]Se abrio correctamente el cursor: <cursor object at 0x0000021793EADC40; closed: 0>
10:43:07 PM:DEBUG[connection.py:23]Connection succesful <connection object at 0x000002478B181250; dsn: 'user=postgres password=xxx dbname=test_bd host=127.0.0.1 port=5432', closed: 0>
10:43:07 PM:DEBUG[connection.py:37]Se abrio correctamente el cursor: <cursor object at 0x000002478CF7DC40; closed: 0>
10:44:02 PM:DEBUG[connection.py:23]Connection succesful <connection object at 0x00000151B9661250; dsn: 'user=postgres password=xxx dbname=test_bd host=127.0.0.1 port=5432', closed: 0>
10:44:02 PM:DEBUG[connection.py:37]Se abrio correctamente el cursor: <cursor object at 0x00000151BB80DC40; closed: 0>
10:44:02 PM:DEBUG[PersonaDao.py:50]Persona actualizada 
           id_persona: 1,
            nombre: juanjose,
            apellido: pena,
            email: jjpena@gmail.com
                 
10:44:02 PM:DEBUG[PersonaDao.py:64]Personas upgrades: 1
11:08:41 PM:DEBUG[connection.py:23]Connection succesful <connection object at 0x0000024566DF1250; dsn: 'user=postgres password=xxx dbname=test_bd host=127.0.0.1 port=5432', closed: 0>
11:08:41 PM:DEBUG[connection.py:37]Se abrio correctamente el cursor: <cursor object at 0x0000024568BEDC40; closed: 0>
11:08:41 PM:DEBUG[PersonaDao.py:59]El objeto eliminado: 
           id_persona: 10,
            nombre: None,
            apellido: None,
            email: None
                 
11:08:41 PM:DEBUG[PersonaDao.py:73]personas eliminadas: 0
11:09:37 PM:DEBUG[connection.py:23]Connection succesful <connection object at 0x0000024FCBAD1250; dsn: 'user=postgres password=xxx dbname=test_bd host=127.0.0.1 port=5432', closed: 0>
11:09:37 PM:DEBUG[connection.py:37]Se abrio correctamente el cursor: <cursor object at 0x0000024FCDC6DC40; closed: 0>
11:09:37 PM:DEBUG[PersonaDao.py:59]El objeto eliminado: 
           id_persona: 18,
            nombre: None,
            apellido: None,
            email: None
                 
11:09:37 PM:DEBUG[PersonaDao.py:73]personas eliminadas: 1
05:55:43 PM:DEBUG[connection.py:36]creacion de pool de conexion exitosa:  <psycopg2.pool.SimpleConnectionPool object at 0x000001FB7C367DF0>
05:55:43 PM:DEBUG[connection.py:18]conexion obtenida del pool: <connection object at 0x000001FB7C221250; dsn: 'user=postgres password=xxx dbname=test_bd host=127.0.0.1 port=5432', closed: 0>
05:55:43 PM:DEBUG[connection.py:18]conexion obtenida del pool: <connection object at 0x000001FB7C223DE0; dsn: 'user=postgres password=xxx dbname=test_bd host=127.0.0.1 port=5432', closed: 0>
05:58:50 PM:DEBUG[connection.py:36]creacion de pool de conexion exitosa:  <psycopg2.pool.SimpleConnectionPool object at 0x000001FB3329A0B0>
05:58:50 PM:DEBUG[connection.py:18]conexion obtenida del pool: <connection object at 0x000001FB33121250; dsn: 'user=postgres password=xxx dbname=test_bd host=127.0.0.1 port=5432', closed: 0>
05:58:51 PM:DEBUG[connection.py:18]conexion obtenida del pool: <connection object at 0x000001FB33123DE0; dsn: 'user=postgres password=xxx dbname=test_bd host=127.0.0.1 port=5432', closed: 0>
05:58:51 PM:DEBUG[connection.py:18]conexion obtenida del pool: <connection object at 0x000001FB33123CD0; dsn: 'user=postgres password=xxx dbname=test_bd host=127.0.0.1 port=5432', closed: 0>
05:58:51 PM:DEBUG[connection.py:18]conexion obtenida del pool: <connection object at 0x000001FB33123EF0; dsn: 'user=postgres password=xxx dbname=test_bd host=127.0.0.1 port=5432', closed: 0>
05:58:51 PM:DEBUG[connection.py:18]conexion obtenida del pool: <connection object at 0x000001FB35210040; dsn: 'user=postgres password=xxx dbname=test_bd host=127.0.0.1 port=5432', closed: 0>
01:13:34 AM:DEBUG[connection.py:36]creacion de pool de conexion exitosa:  <psycopg2.pool.SimpleConnectionPool object at 0x000001ADB51DE4A0>
01:13:34 AM:DEBUG[connection.py:18]conexion obtenida del pool: <connection object at 0x000001ADB3381250; dsn: 'user=postgres password=xxx dbname=test_bd host=127.0.0.1 port=5432', closed: 0>
01:13:34 AM:DEBUG[connection.py:18]conexion obtenida del pool: <connection object at 0x000001ADB3383DE0; dsn: 'user=postgres password=xxx dbname=test_bd host=127.0.0.1 port=5432', closed: 0>
01:13:34 AM:DEBUG[connection.py:18]conexion obtenida del pool: <connection object at 0x000001ADB3383CD0; dsn: 'user=postgres password=xxx dbname=test_bd host=127.0.0.1 port=5432', closed: 0>
01:13:34 AM:DEBUG[connection.py:18]conexion obtenida del pool: <connection object at 0x000001ADB3383EF0; dsn: 'user=postgres password=xxx dbname=test_bd host=127.0.0.1 port=5432', closed: 0>
01:13:34 AM:DEBUG[connection.py:18]conexion obtenida del pool: <connection object at 0x000001ADB5450040; dsn: 'user=postgres password=xxx dbname=test_bd host=127.0.0.1 port=5432', closed: 0>
01:25:54 AM:DEBUG[connection.py:36]creacion de pool de conexion exitosa:  <psycopg2.pool.SimpleConnectionPool object at 0x0000022D3B87E4A0>
01:25:54 AM:DEBUG[connection.py:18]conexion obtenida del pool: <connection object at 0x0000022D39A21250; dsn: 'user=postgres password=xxx dbname=test_bd host=127.0.0.1 port=5432', closed: 0>
01:25:54 AM:DEBUG[connection.py:18]conexion obtenida del pool: <connection object at 0x0000022D39A23DE0; dsn: 'user=postgres password=xxx dbname=test_bd host=127.0.0.1 port=5432', closed: 0>
01:25:55 AM:DEBUG[connection.py:18]conexion obtenida del pool: <connection object at 0x0000022D39A23CD0; dsn: 'user=postgres password=xxx dbname=test_bd host=127.0.0.1 port=5432', closed: 0>
01:25:55 AM:DEBUG[connection.py:18]conexion obtenida del pool: <connection object at 0x0000022D39A23EF0; dsn: 'user=postgres password=xxx dbname=test_bd host=127.0.0.1 port=5432', closed: 0>
01:25:55 AM:DEBUG[connection.py:18]conexion obtenida del pool: <connection object at 0x0000022D3BAF0040; dsn: 'user=postgres password=xxx dbname=test_bd host=127.0.0.1 port=5432', closed: 0>
02:00:42 AM:DEBUG[cursor_del_pool.py:11]Inicio del método with y __enter__
02:00:42 AM:DEBUG[connection.py:36]creacion de pool de conexion exitosa:  <psycopg2.pool.SimpleConnectionPool object at 0x000002AC5B540D90>
02:00:42 AM:DEBUG[connection.py:18]conexion obtenida del pool: <connection object at 0x000002AC59471250; dsn: 'user=postgres password=xxx dbname=test_bd host=127.0.0.1 port=5432', closed: 0>
02:05:56 AM:DEBUG[cursor_del_pool.py:11]Inicio del método with y __enter__
02:05:56 AM:DEBUG[connection.py:36]creacion de pool de conexion exitosa:  <psycopg2.pool.SimpleConnectionPool object at 0x0000015F89410DC0>
02:05:56 AM:DEBUG[connection.py:18]conexion obtenida del pool: <connection object at 0x0000015F87341250; dsn: 'user=postgres password=xxx dbname=test_bd host=127.0.0.1 port=5432', closed: 0>
02:08:31 AM:DEBUG[connection.py:36]creacion de pool de conexion exitosa:  <psycopg2.pool.SimpleConnectionPool object at 0x000001CC5A61A830>
02:08:31 AM:DEBUG[connection.py:18]conexion obtenida del pool: <connection object at 0x000001CC58781250; dsn: 'user=postgres password=xxx dbname=test_bd host=127.0.0.1 port=5432', closed: 0>
02:08:31 AM:DEBUG[connection.py:47]Regresamos la conexión al pool: <connection object at 0x000001CC58781250; dsn: 'user=postgres password=xxx dbname=test_bd host=127.0.0.1 port=5432', closed: 0>
02:08:31 AM:DEBUG[connection.py:18]conexion obtenida del pool: <connection object at 0x000001CC58781250; dsn: 'user=postgres password=xxx dbname=test_bd host=127.0.0.1 port=5432', closed: 0>
02:08:31 AM:DEBUG[connection.py:47]Regresamos la conexión al pool: <connection object at 0x000001CC58781250; dsn: 'user=postgres password=xxx dbname=test_bd host=127.0.0.1 port=5432', closed: 0>
02:08:31 AM:DEBUG[connection.py:18]conexion obtenida del pool: <connection object at 0x000001CC58781250; dsn: 'user=postgres password=xxx dbname=test_bd host=127.0.0.1 port=5432', closed: 0>
02:08:31 AM:DEBUG[connection.py:47]Regresamos la conexión al pool: <connection object at 0x000001CC58781250; dsn: 'user=postgres password=xxx dbname=test_bd host=127.0.0.1 port=5432', closed: 0>
02:08:31 AM:DEBUG[connection.py:18]conexion obtenida del pool: <connection object at 0x000001CC58781250; dsn: 'user=postgres password=xxx dbname=test_bd host=127.0.0.1 port=5432', closed: 0>
02:08:31 AM:DEBUG[connection.py:47]Regresamos la conexión al pool: <connection object at 0x000001CC58781250; dsn: 'user=postgres password=xxx dbname=test_bd host=127.0.0.1 port=5432', closed: 0>
02:08:31 AM:DEBUG[connection.py:18]conexion obtenida del pool: <connection object at 0x000001CC58781250; dsn: 'user=postgres password=xxx dbname=test_bd host=127.0.0.1 port=5432', closed: 0>
02:08:31 AM:DEBUG[connection.py:47]Regresamos la conexión al pool: <connection object at 0x000001CC58781250; dsn: 'user=postgres password=xxx dbname=test_bd host=127.0.0.1 port=5432', closed: 0>
02:19:24 AM:DEBUG[cursor_del_pool.py:11]Inicio del método with y __enter__
02:19:24 AM:DEBUG[connection.py:36]creacion de pool de conexion exitosa:  <psycopg2.pool.SimpleConnectionPool object at 0x00000238256C7F10>
02:19:24 AM:DEBUG[connection.py:18]conexion obtenida del pool: <connection object at 0x0000023825581250; dsn: 'user=postgres password=xxx dbname=test_bd host=127.0.0.1 port=5432', closed: 0>
02:24:14 AM:DEBUG[cursor_del_pool.py:11]Inicio del método with y __enter__
02:24:14 AM:DEBUG[connection.py:36]creacion de pool de conexion exitosa:  <psycopg2.pool.SimpleConnectionPool object at 0x000001BD22A87F10>
02:24:14 AM:DEBUG[connection.py:18]conexion obtenida del pool: <connection object at 0x000001BD22941250; dsn: 'user=postgres password=xxx dbname=test_bd host=127.0.0.1 port=5432', closed: 0>
02:24:14 AM:DEBUG[usuarioDao.py:21]Seleccionando usuarios
02:24:14 AM:DEBUG[cursor_del_pool.py:17]Se ejecuta el método __exit__
02:27:51 AM:DEBUG[cursor_del_pool.py:10]Inicio del método with y __enter__
02:27:51 AM:DEBUG[connection.py:36]creacion de pool de conexion exitosa:  <psycopg2.pool.SimpleConnectionPool object at 0x000001F48E017F10>
02:27:51 AM:DEBUG[connection.py:18]conexion obtenida del pool: <connection object at 0x000001F48DED1250; dsn: 'user=postgres password=xxx dbname=test_bd host=127.0.0.1 port=5432', closed: 0>
02:27:51 AM:DEBUG[usuarioDao.py:21]Seleccionando usuarios
02:27:51 AM:DEBUG[cursor_del_pool.py:16]Se ejecuta el método __exit__
02:27:51 AM:DEBUG[cursor_del_pool.py:22]Commit de la transacción
02:27:51 AM:DEBUG[connection.py:47]Regresamos la conexión al pool: <connection object at 0x000001F48DED1250; dsn: 'user=postgres password=xxx dbname=test_bd host=127.0.0.1 port=5432', closed: 0>
02:27:51 AM:INFO[menu_app_usuario.py:18]usuario: 1 joaquin
 12345
02:27:51 AM:INFO[menu_app_usuario.py:18]usuario: 2 ema loco
02:27:51 AM:INFO[menu_app_usuario.py:18]usuario: 3 clau 3456
01:16:23 AM:INFO[menu_app_usuario.py:18]usuario: 1 joaquin
 12345
01:16:23 AM:INFO[menu_app_usuario.py:18]usuario: 2 ema loco
01:16:23 AM:INFO[menu_app_usuario.py:18]usuario: 3 clau 3456
01:29:49 AM:INFO[menu_app_usuario.py:21]salimos de la app
02:14:43 AM:INFO[menu_app_usuario.py:27]Usuario insertado: 1
02:15:11 AM:INFO[menu_app_usuario.py:19]usuario: 1 joaquin
 12345
02:15:11 AM:INFO[menu_app_usuario.py:19]usuario: 2 ema loco
02:15:11 AM:INFO[menu_app_usuario.py:19]usuario: 3 clau 3456
02:15:11 AM:INFO[menu_app_usuario.py:19]usuario: 4 tomi cope
02:29:32 AM:INFO[menu_app_usuario.py:35]usuario actualizado: 1
02:31:26 AM:INFO[menu_app_usuario.py:41]el usuario eliminado es: 1
02:31:39 AM:INFO[menu_app_usuario.py:19]usuario: 1 joaquin
 12345
02:31:39 AM:INFO[menu_app_usuario.py:19]usuario: 2 ema loco
02:31:39 AM:INFO[menu_app_usuario.py:19]usuario: 3 clau 3456
02:31:58 AM:INFO[menu_app_usuario.py:27]Usuario insertado: 1
02:36:00 AM:ERROR[menu_app_usuario.py:52]Error: Por favor, ingrese un valor numérico válido.
02:36:13 AM:ERROR[menu_app_usuario.py:52]Error: Por favor, ingrese un valor numérico válido.
02:36:21 AM:INFO[menu_app_usuario.py:45]salimos de la app
